<?xml version="1.0"?>
<!DOCTYPE coverage SYSTEM "http://cobertura.sourceforge.net/xml/coverage-04.dtd">
<coverage line-rate="0.9208633093525180" branch-rate="1.0000000000000000" lines-covered="384" lines-valid="417" branches-covered="0" branches-valid="0" complexity="0.0" timestamp="1554197782" version="Slather 2.4.7">
  <sources>
    <source>/Users/sivacherukuri/Documents/Development/XebiaAssignment</source>
  </sources>
  <packages>
    <package name="XebiaAssignment" line-rate="1.0000000000000000" branch-rate="1.0000000000000000" complexity="0.0">
      <classes>
        <class name="AppDelegate" filename="XebiaAssignment/AppDelegate.swift" line-rate="1.0000000000000000" branch-rate="1.0000000000000000" complexity="0.0">
          <methods/>
          <lines>
            <line number="16" branch="false" hits="3"/>
            <line number="17" branch="false" hits="3"/>
            <line number="18" branch="false" hits="3"/>
            <line number="19" branch="false" hits="3"/>
            <line number="20" branch="false" hits="3"/>
            <line number="21" branch="false" hits="3"/>
            <line number="22" branch="false" hits="3"/>
            <line number="23" branch="false" hits="3"/>
          </lines>
        </class>
      </classes>
    </package>
    <package name="XebiaAssignment.Engine.Extension" line-rate="0.7826086956521739" branch-rate="1.0000000000000000" complexity="0.0">
      <classes>
        <class name="Date" filename="XebiaAssignment/Engine/Extension/Date.swift" line-rate="1.0000000000000000" branch-rate="1.0000000000000000" complexity="0.0">
          <methods/>
          <lines>
            <line number="12" branch="false" hits="2"/>
            <line number="13" branch="false" hits="2"/>
            <line number="14" branch="false" hits="2"/>
            <line number="15" branch="false" hits="2"/>
            <line number="16" branch="false" hits="2"/>
          </lines>
        </class>
        <class name="String" filename="XebiaAssignment/Engine/Extension/String.swift" line-rate="0.0000000000000000" branch-rate="1.0000000000000000" complexity="0.0">
          <methods/>
          <lines>
            <line number="12" branch="false" hits="0"/>
            <line number="13" branch="false" hits="0"/>
            <line number="14" branch="false" hits="0"/>
            <line number="15" branch="false" hits="0"/>
            <line number="16" branch="false" hits="0"/>
          </lines>
        </class>
        <class name="UICollectionView" filename="XebiaAssignment/Engine/Extension/UICollectionView.swift" line-rate="1.0000000000000000" branch-rate="1.0000000000000000" complexity="0.0">
          <methods/>
          <lines>
            <line number="12" branch="false" hits="9"/>
            <line number="13" branch="false" hits="9"/>
            <line number="14" branch="false" hits="9"/>
            <line number="15" branch="false" hits="9"/>
            <line number="16" branch="false" hits="9"/>
            <line number="18" branch="false" hits="9"/>
            <line number="19" branch="false" hits="9"/>
            <line number="20" branch="false" hits="9"/>
            <line number="21" branch="false" hits="9"/>
          </lines>
        </class>
        <class name="UIStoryboard" filename="XebiaAssignment/Engine/Extension/UIStoryboard.swift" line-rate="1.0000000000000000" branch-rate="1.0000000000000000" complexity="0.0">
          <methods/>
          <lines>
            <line number="12" branch="false" hits="6"/>
            <line number="13" branch="false" hits="6"/>
            <line number="14" branch="false" hits="6"/>
            <line number="15" branch="false" hits="6"/>
          </lines>
        </class>
      </classes>
    </package>
    <package name="XebiaAssignment.Engine.Factory" line-rate="1.0000000000000000" branch-rate="1.0000000000000000" complexity="0.0">
      <classes>
        <class name="HomeViewModelFactory" filename="XebiaAssignment/Engine/Factory/HomeViewModelFactory.swift" line-rate="1.0000000000000000" branch-rate="1.0000000000000000" complexity="0.0">
          <methods/>
          <lines>
            <line number="12" branch="false" hits="3"/>
            <line number="13" branch="false" hits="3"/>
            <line number="14" branch="false" hits="3"/>
            <line number="15" branch="false" hits="3"/>
            <line number="16" branch="false" hits="3"/>
            <line number="17" branch="false" hits="3"/>
          </lines>
        </class>
      </classes>
    </package>
    <package name="XebiaAssignment.Engine.Service" line-rate="0.9729729729729730" branch-rate="1.0000000000000000" complexity="0.0">
      <classes>
        <class name="API" filename="XebiaAssignment/Engine/Service/API.swift" line-rate="1.0000000000000000" branch-rate="1.0000000000000000" complexity="0.0">
          <methods/>
          <lines>
            <line number="19" branch="false" hits="12"/>
            <line number="20" branch="false" hits="12"/>
            <line number="21" branch="false" hits="12"/>
            <line number="22" branch="false" hits="12"/>
            <line number="23" branch="false" hits="12"/>
            <line number="24" branch="false" hits="12"/>
            <line number="26" branch="false" hits="12"/>
            <line number="27" branch="false" hits="12"/>
            <line number="28" branch="false" hits="12"/>
            <line number="29" branch="false" hits="12"/>
            <line number="30" branch="false" hits="12"/>
            <line number="31" branch="false" hits="12"/>
            <line number="32" branch="false" hits="12"/>
            <line number="33" branch="false" hits="12"/>
          </lines>
        </class>
        <class name="APIError" filename="XebiaAssignment/Engine/Service/APIError.swift" line-rate="1.0000000000000000" branch-rate="1.0000000000000000" complexity="0.0">
          <methods/>
          <lines>
            <line number="16" branch="false" hits="14"/>
            <line number="17" branch="false" hits="14"/>
            <line number="18" branch="false" hits="14"/>
            <line number="20" branch="false" hits="14"/>
            <line number="21" branch="false" hits="14"/>
            <line number="22" branch="false" hits="14"/>
            <line number="23" branch="false" hits="6"/>
            <line number="24" branch="false" hits="14"/>
            <line number="25" branch="false" hits="3"/>
            <line number="26" branch="false" hits="14"/>
            <line number="27" branch="false" hits="5"/>
            <line number="28" branch="false" hits="14"/>
            <line number="29" branch="false" hits="14"/>
            <line number="31" branch="false" hits="11"/>
            <line number="32" branch="false" hits="11"/>
            <line number="33" branch="false" hits="11"/>
          </lines>
        </class>
        <class name="ContentServiceApi" filename="XebiaAssignment/Engine/Service/ContentServiceApi.swift" line-rate="1.0000000000000000" branch-rate="1.0000000000000000" complexity="0.0">
          <methods/>
          <lines>
            <line number="16" branch="false" hits="6"/>
            <line number="17" branch="false" hits="6"/>
            <line number="18" branch="false" hits="6"/>
            <line number="24" branch="false" hits="6"/>
            <line number="25" branch="false" hits="6"/>
            <line number="26" branch="false" hits="6"/>
            <line number="27" branch="false" hits="6"/>
            <line number="28" branch="false" hits="5"/>
            <line number="29" branch="false" hits="5"/>
            <line number="30" branch="false" hits="4"/>
            <line number="31" branch="false" hits="5"/>
            <line number="32" branch="false" hits="1"/>
            <line number="33" branch="false" hits="6"/>
            <line number="34" branch="false" hits="6"/>
            <line number="35" branch="false" hits="1"/>
            <line number="36" branch="false" hits="6"/>
            <line number="37" branch="false" hits="6"/>
            <line number="38" branch="false" hits="6"/>
            <line number="39" branch="false" hits="6"/>
            <line number="40" branch="false" hits="6"/>
          </lines>
        </class>
        <class name="DownloadImageService" filename="XebiaAssignment/Engine/Service/DownloadImageService.swift" line-rate="0.9375000000000000" branch-rate="1.0000000000000000" complexity="0.0">
          <methods/>
          <lines>
            <line number="19" branch="false" hits="12"/>
            <line number="20" branch="false" hits="12"/>
            <line number="21" branch="false" hits="12"/>
            <line number="27" branch="false" hits="11"/>
            <line number="28" branch="false" hits="11"/>
            <line number="29" branch="false" hits="11"/>
            <line number="30" branch="false" hits="11"/>
            <line number="31" branch="false" hits="11"/>
            <line number="32" branch="false" hits="9"/>
            <line number="33" branch="false" hits="11"/>
            <line number="34" branch="false" hits="0"/>
            <line number="35" branch="false" hits="11"/>
            <line number="36" branch="false" hits="11"/>
            <line number="37" branch="false" hits="11"/>
            <line number="38" branch="false" hits="11"/>
            <line number="39" branch="false" hits="11"/>
          </lines>
        </class>
        <class name="RequestService" filename="XebiaAssignment/Engine/Service/RequestService.swift" line-rate="0.9555555555555556" branch-rate="1.0000000000000000" complexity="0.0">
          <methods/>
          <lines>
            <line number="30" branch="false" hits="11"/>
            <line number="31" branch="false" hits="11"/>
            <line number="32" branch="false" hits="11"/>
            <line number="36" branch="false" hits="7"/>
            <line number="37" branch="false" hits="7"/>
            <line number="38" branch="false" hits="7"/>
            <line number="39" branch="false" hits="7"/>
            <line number="40" branch="false" hits="5"/>
            <line number="41" branch="false" hits="5"/>
            <line number="42" branch="false" hits="5"/>
            <line number="43" branch="false" hits="0"/>
            <line number="44" branch="false" hits="7"/>
            <line number="45" branch="false" hits="7"/>
            <line number="46" branch="false" hits="2"/>
            <line number="47" branch="false" hits="7"/>
            <line number="48" branch="false" hits="7"/>
            <line number="49" branch="false" hits="7"/>
            <line number="51" branch="false" hits="4"/>
            <line number="52" branch="false" hits="4"/>
            <line number="53" branch="false" hits="4"/>
            <line number="54" branch="false" hits="4"/>
            <line number="55" branch="false" hits="2"/>
            <line number="56" branch="false" hits="2"/>
            <line number="57" branch="false" hits="2"/>
            <line number="58" branch="false" hits="0"/>
            <line number="59" branch="false" hits="4"/>
            <line number="60" branch="false" hits="4"/>
            <line number="61" branch="false" hits="2"/>
            <line number="62" branch="false" hits="4"/>
            <line number="63" branch="false" hits="4"/>
            <line number="64" branch="false" hits="4"/>
            <line number="73" branch="false" hits="11"/>
            <line number="74" branch="false" hits="11"/>
            <line number="75" branch="false" hits="11"/>
            <line number="76" branch="false" hits="2"/>
            <line number="77" branch="false" hits="11"/>
            <line number="78" branch="false" hits="9"/>
            <line number="79" branch="false" hits="9"/>
            <line number="80" branch="false" hits="11"/>
            <line number="81" branch="false" hits="2"/>
            <line number="82" branch="false" hits="11"/>
            <line number="83" branch="false" hits="11"/>
            <line number="84" branch="false" hits="2"/>
            <line number="85" branch="false" hits="9"/>
            <line number="86" branch="false" hits="9"/>
          </lines>
        </class>
      </classes>
    </package>
    <package name="XebiaAssignment.Engine.Utility" line-rate="1.0000000000000000" branch-rate="1.0000000000000000" complexity="0.0">
      <classes>
        <class name="DateFormat" filename="XebiaAssignment/Engine/Utility/DateFormat.swift" line-rate="1.0000000000000000" branch-rate="1.0000000000000000" complexity="0.0">
          <methods/>
          <lines>
            <line number="17" branch="false" hits="67"/>
            <line number="18" branch="false" hits="67"/>
            <line number="19" branch="false" hits="67"/>
            <line number="20" branch="false" hits="1"/>
            <line number="21" branch="false" hits="67"/>
            <line number="22" branch="false" hits="63"/>
            <line number="23" branch="false" hits="67"/>
            <line number="24" branch="false" hits="2"/>
            <line number="25" branch="false" hits="67"/>
            <line number="26" branch="false" hits="1"/>
            <line number="27" branch="false" hits="67"/>
            <line number="28" branch="false" hits="67"/>
          </lines>
        </class>
      </classes>
    </package>
    <package name="XebiaAssignment.Engine.Utility.JSONMapping" line-rate="1.0000000000000000" branch-rate="1.0000000000000000" complexity="0.0">
      <classes>
        <class name="Mapper" filename="XebiaAssignment/Engine/Utility/JSONMapping/Mapper.swift" line-rate="1.0000000000000000" branch-rate="1.0000000000000000" complexity="0.0">
          <methods/>
          <lines>
            <line number="10" branch="false" hits="9"/>
            <line number="11" branch="false" hits="9"/>
            <line number="12" branch="false" hits="9"/>
            <line number="13" branch="false" hits="9"/>
            <line number="14" branch="false" hits="9"/>
            <line number="15" branch="false" hits="9"/>
            <line number="16" branch="false" hits="9"/>
            <line number="18" branch="false" hits="129"/>
            <line number="19" branch="false" hits="129"/>
            <line number="20" branch="false" hits="129"/>
            <line number="21" branch="false" hits="312"/>
            <line number="22" branch="false" hits="312"/>
            <line number="23" branch="false" hits="312"/>
            <line number="24" branch="false" hits="312"/>
            <line number="25" branch="false" hits="312"/>
            <line number="26" branch="false" hits="312"/>
            <line number="27" branch="false" hits="312"/>
            <line number="28" branch="false" hits="129"/>
            <line number="29" branch="false" hits="129"/>
          </lines>
        </class>
        <class name="Mapping" filename="XebiaAssignment/Engine/Utility/JSONMapping/Mapping.swift" line-rate="1.0000000000000000" branch-rate="1.0000000000000000" complexity="0.0">
          <methods/>
          <lines>
            <line number="14" branch="false" hits="338"/>
            <line number="15" branch="false" hits="338"/>
            <line number="16" branch="false" hits="338"/>
            <line number="19" branch="false" hits="387"/>
            <line number="20" branch="false" hits="387"/>
            <line number="21" branch="false" hits="387"/>
            <line number="24" branch="false" hits="305"/>
            <line number="25" branch="false" hits="305"/>
            <line number="26" branch="false" hits="245"/>
            <line number="27" branch="false" hits="305"/>
            <line number="30" branch="false" hits="65"/>
            <line number="31" branch="false" hits="65"/>
            <line number="32" branch="false" hits="65"/>
            <line number="33" branch="false" hits="65"/>
            <line number="34" branch="false" hits="65"/>
            <line number="35" branch="false" hits="65"/>
            <line number="38" branch="false" hits="6"/>
            <line number="39" branch="false" hits="6"/>
            <line number="40" branch="false" hits="4"/>
            <line number="41" branch="false" hits="6"/>
            <line number="44" branch="false" hits="134"/>
            <line number="45" branch="false" hits="134"/>
            <line number="46" branch="false" hits="127"/>
            <line number="47" branch="false" hits="134"/>
            <line number="50" branch="false" hits="253"/>
            <line number="51" branch="false" hits="253"/>
            <line number="52" branch="false" hits="253"/>
            <line number="53" branch="false" hits="253"/>
          </lines>
        </class>
      </classes>
    </package>
    <package name="XebiaAssignment.Model" line-rate="0.9111111111111111" branch-rate="1.0000000000000000" complexity="0.0">
      <classes>
        <class name="Content" filename="XebiaAssignment/Model/Content.swift" line-rate="1.0000000000000000" branch-rate="1.0000000000000000" complexity="0.0">
          <methods/>
          <lines>
            <line number="25" branch="false" hits="62"/>
            <line number="26" branch="false" hits="62"/>
            <line number="27" branch="false" hits="62"/>
            <line number="28" branch="false" hits="62"/>
            <line number="29" branch="false" hits="62"/>
            <line number="30" branch="false" hits="62"/>
            <line number="31" branch="false" hits="62"/>
            <line number="32" branch="false" hits="62"/>
            <line number="33" branch="false" hits="62"/>
            <line number="34" branch="false" hits="62"/>
            <line number="40" branch="false" hits="1"/>
            <line number="41" branch="false" hits="1"/>
            <line number="42" branch="false" hits="1"/>
            <line number="43" branch="false" hits="1"/>
            <line number="44" branch="false" hits="1"/>
            <line number="45" branch="false" hits="1"/>
            <line number="46" branch="false" hits="1"/>
            <line number="47" branch="false" hits="1"/>
            <line number="48" branch="false" hits="1"/>
            <line number="49" branch="false" hits="1"/>
          </lines>
        </class>
        <class name="ContentResponse" filename="XebiaAssignment/Model/ContentResponse.swift" line-rate="1.0000000000000000" branch-rate="1.0000000000000000" complexity="0.0">
          <methods/>
          <lines>
            <line number="17" branch="false" hits="4"/>
            <line number="18" branch="false" hits="4"/>
            <line number="19" branch="false" hits="4"/>
            <line number="20" branch="false" hits="4"/>
          </lines>
        </class>
        <class name="Media" filename="XebiaAssignment/Model/Media.swift" line-rate="1.0000000000000000" branch-rate="1.0000000000000000" complexity="0.0">
          <methods/>
          <lines>
            <line number="21" branch="false" hits="63"/>
            <line number="22" branch="false" hits="63"/>
            <line number="23" branch="false" hits="63"/>
            <line number="24" branch="false" hits="63"/>
            <line number="25" branch="false" hits="63"/>
            <line number="26" branch="false" hits="63"/>
            <line number="32" branch="false" hits="1"/>
            <line number="33" branch="false" hits="1"/>
            <line number="34" branch="false" hits="1"/>
            <line number="35" branch="false" hits="1"/>
            <line number="36" branch="false" hits="1"/>
            <line number="37" branch="false" hits="1"/>
            <line number="38" branch="false" hits="1"/>
          </lines>
        </class>
        <class name="MediaMetadata" filename="XebiaAssignment/Model/MediaMetadata.swift" line-rate="0.5000000000000000" branch-rate="1.0000000000000000" complexity="0.0">
          <methods/>
          <lines>
            <line number="32" branch="false" hits="180"/>
            <line number="33" branch="false" hits="180"/>
            <line number="34" branch="false" hits="180"/>
            <line number="35" branch="false" hits="180"/>
            <line number="41" branch="false" hits="0"/>
            <line number="42" branch="false" hits="0"/>
            <line number="43" branch="false" hits="0"/>
            <line number="44" branch="false" hits="0"/>
          </lines>
        </class>
      </classes>
    </package>
    <package name="XebiaAssignment.View.Articles" line-rate="0.6363636363636364" branch-rate="1.0000000000000000" complexity="0.0">
      <classes>
        <class name="ArticleDetailViewController" filename="XebiaAssignment/View/Articles/ArticleDetailViewController.swift" line-rate="0.6363636363636364" branch-rate="1.0000000000000000" complexity="0.0">
          <methods/>
          <lines>
            <line number="19" branch="false" hits="1"/>
            <line number="20" branch="false" hits="1"/>
            <line number="21" branch="false" hits="1"/>
            <line number="22" branch="false" hits="1"/>
            <line number="23" branch="false" hits="1"/>
            <line number="24" branch="false" hits="1"/>
            <line number="25" branch="false" hits="1"/>
            <line number="32" branch="false" hits="0"/>
            <line number="33" branch="false" hits="0"/>
            <line number="34" branch="false" hits="0"/>
            <line number="35" branch="false" hits="0"/>
          </lines>
        </class>
      </classes>
    </package>
    <package name="XebiaAssignment.View.Home" line-rate="0.7792207792207793" branch-rate="1.0000000000000000" complexity="0.0">
      <classes>
        <class name="ContentCollectionViewCell" filename="XebiaAssignment/View/Home/ContentCollectionViewCell.swift" line-rate="1.0000000000000000" branch-rate="1.0000000000000000" complexity="0.0">
          <methods/>
          <lines>
            <line number="26" branch="false" hits="11"/>
            <line number="27" branch="false" hits="11"/>
            <line number="28" branch="false" hits="11"/>
            <line number="29" branch="false" hits="11"/>
            <line number="30" branch="false" hits="11"/>
            <line number="31" branch="false" hits="11"/>
            <line number="32" branch="false" hits="11"/>
            <line number="33" branch="false" hits="11"/>
            <line number="34" branch="false" hits="11"/>
            <line number="35" branch="false" hits="10"/>
            <line number="36" branch="false" hits="10"/>
            <line number="37" branch="false" hits="9"/>
            <line number="38" branch="false" hits="10"/>
            <line number="39" branch="false" hits="1"/>
            <line number="40" branch="false" hits="1"/>
            <line number="41" branch="false" hits="10"/>
            <line number="42" branch="false" hits="10"/>
            <line number="43" branch="false" hits="11"/>
          </lines>
        </class>
        <class name="HomeViewController" filename="XebiaAssignment/View/Home/HomeViewController.swift" line-rate="0.7118644067796610" branch-rate="1.0000000000000000" complexity="0.0">
          <methods/>
          <lines>
            <line number="18" branch="false" hits="9"/>
            <line number="19" branch="false" hits="9"/>
            <line number="20" branch="false" hits="9"/>
            <line number="21" branch="false" hits="9"/>
            <line number="22" branch="false" hits="9"/>
            <line number="23" branch="false" hits="9"/>
            <line number="24" branch="false" hits="9"/>
            <line number="31" branch="false" hits="7"/>
            <line number="32" branch="false" hits="7"/>
            <line number="33" branch="false" hits="7"/>
            <line number="35" branch="false" hits="9"/>
            <line number="36" branch="false" hits="9"/>
            <line number="37" branch="false" hits="9"/>
            <line number="38" branch="false" hits="8"/>
            <line number="39" branch="false" hits="9"/>
            <line number="40" branch="false" hits="9"/>
            <line number="41" branch="false" hits="9"/>
            <line number="47" branch="false" hits="60"/>
            <line number="48" branch="false" hits="60"/>
            <line number="49" branch="false" hits="60"/>
            <line number="51" branch="false" hits="147"/>
            <line number="52" branch="false" hits="147"/>
            <line number="53" branch="false" hits="2"/>
            <line number="54" branch="false" hits="147"/>
            <line number="55" branch="false" hits="147"/>
            <line number="57" branch="false" hits="1"/>
            <line number="58" branch="false" hits="1"/>
            <line number="59" branch="false" hits="1"/>
            <line number="60" branch="false" hits="1"/>
            <line number="61" branch="false" hits="1"/>
            <line number="62" branch="false" hits="1"/>
            <line number="63" branch="false" hits="1"/>
            <line number="64" branch="false" hits="1"/>
            <line number="70" branch="false" hits="1"/>
            <line number="71" branch="false" hits="1"/>
            <line number="72" branch="false" hits="1"/>
            <line number="91" branch="false" hits="3"/>
            <line number="92" branch="false" hits="3"/>
            <line number="93" branch="false" hits="3"/>
            <line number="94" branch="false" hits="3"/>
            <line number="95" branch="false" hits="3"/>
            <line number="96" branch="false" hits="3"/>
            <line number="97" branch="false" hits="0"/>
            <line number="98" branch="false" hits="0"/>
            <line number="99" branch="false" hits="0"/>
            <line number="100" branch="false" hits="0"/>
            <line number="101" branch="false" hits="0"/>
            <line number="102" branch="false" hits="0"/>
            <line number="103" branch="false" hits="0"/>
            <line number="104" branch="false" hits="0"/>
            <line number="105" branch="false" hits="0"/>
            <line number="106" branch="false" hits="0"/>
            <line number="107" branch="false" hits="0"/>
            <line number="108" branch="false" hits="0"/>
            <line number="109" branch="false" hits="0"/>
            <line number="110" branch="false" hits="0"/>
            <line number="111" branch="false" hits="0"/>
            <line number="112" branch="false" hits="0"/>
            <line number="113" branch="false" hits="0"/>
          </lines>
        </class>
      </classes>
    </package>
    <package name="XebiaAssignment.ViewModel.Home" line-rate="1.0000000000000000" branch-rate="1.0000000000000000" complexity="0.0">
      <classes>
        <class name="ContentCollectionViewCellViewModel" filename="XebiaAssignment/ViewModel/Home/ContentCollectionViewCellViewModel.swift" line-rate="1.0000000000000000" branch-rate="1.0000000000000000" complexity="0.0">
          <methods/>
          <lines>
            <line number="16" branch="false" hits="82"/>
            <line number="17" branch="false" hits="82"/>
            <line number="18" branch="false" hits="82"/>
            <line number="19" branch="false" hits="82"/>
            <line number="25" branch="false" hits="23"/>
            <line number="26" branch="false" hits="23"/>
            <line number="27" branch="false" hits="23"/>
            <line number="29" branch="false" hits="10"/>
            <line number="30" branch="false" hits="10"/>
            <line number="31" branch="false" hits="10"/>
            <line number="33" branch="false" hits="9"/>
            <line number="34" branch="false" hits="9"/>
            <line number="35" branch="false" hits="9"/>
            <line number="37" branch="false" hits="10"/>
            <line number="38" branch="false" hits="10"/>
            <line number="39" branch="false" hits="10"/>
            <line number="41" branch="false" hits="11"/>
            <line number="42" branch="false" hits="11"/>
            <line number="43" branch="false" hits="11"/>
            <line number="44" branch="false" hits="11"/>
            <line number="45" branch="false" hits="11"/>
            <line number="46" branch="false" hits="10"/>
            <line number="47" branch="false" hits="10"/>
            <line number="48" branch="false" hits="10"/>
            <line number="49" branch="false" hits="10"/>
            <line number="50" branch="false" hits="10"/>
            <line number="51" branch="false" hits="9"/>
            <line number="52" branch="false" hits="10"/>
            <line number="53" branch="false" hits="1"/>
            <line number="54" branch="false" hits="10"/>
            <line number="55" branch="false" hits="10"/>
            <line number="56" branch="false" hits="10"/>
            <line number="57" branch="false" hits="10"/>
          </lines>
        </class>
        <class name="HomeViewModel" filename="XebiaAssignment/ViewModel/Home/HomeViewModel.swift" line-rate="1.0000000000000000" branch-rate="1.0000000000000000" complexity="0.0">
          <methods/>
          <lines>
            <line number="30" branch="false" hits="9"/>
            <line number="31" branch="false" hits="9"/>
            <line number="32" branch="false" hits="9"/>
            <line number="33" branch="false" hits="9"/>
            <line number="34" branch="false" hits="9"/>
            <line number="35" branch="false" hits="9"/>
            <line number="36" branch="false" hits="9"/>
            <line number="42" branch="false" hits="15"/>
            <line number="43" branch="false" hits="15"/>
            <line number="44" branch="false" hits="12"/>
            <line number="45" branch="false" hits="12"/>
            <line number="46" branch="false" hits="3"/>
            <line number="47" branch="false" hits="15"/>
            <line number="49" branch="false" hits="6"/>
            <line number="50" branch="false" hits="6"/>
            <line number="51" branch="false" hits="6"/>
            <line number="57" branch="false" hits="5"/>
            <line number="58" branch="false" hits="5"/>
            <line number="59" branch="false" hits="5"/>
            <line number="61" branch="false" hits="2"/>
            <line number="62" branch="false" hits="2"/>
            <line number="63" branch="false" hits="2"/>
            <line number="73" branch="false" hits="7"/>
            <line number="74" branch="false" hits="7"/>
            <line number="75" branch="false" hits="7"/>
            <line number="76" branch="false" hits="7"/>
            <line number="77" branch="false" hits="7"/>
            <line number="78" branch="false" hits="66"/>
            <line number="79" branch="false" hits="5"/>
            <line number="80" branch="false" hits="4"/>
            <line number="81" branch="false" hits="4"/>
            <line number="82" branch="false" hits="4"/>
            <line number="83" branch="false" hits="4"/>
            <line number="84" branch="false" hits="5"/>
            <line number="85" branch="false" hits="1"/>
            <line number="86" branch="false" hits="1"/>
            <line number="87" branch="false" hits="1"/>
            <line number="88" branch="false" hits="7"/>
            <line number="89" branch="false" hits="7"/>
            <line number="90" branch="false" hits="2"/>
            <line number="91" branch="false" hits="2"/>
            <line number="92" branch="false" hits="2"/>
            <line number="93" branch="false" hits="7"/>
            <line number="94" branch="false" hits="7"/>
          </lines>
        </class>
      </classes>
    </package>
  </packages>
</coverage>
